0 info it worked if it ends with ok
1 verbose cli [ '/usr/bin/nodejs', '/usr/bin/npm', 'install' ]
2 info using npm@3.5.2
3 info using node@v4.2.6
4 silly loadCurrentTree Starting
5 silly install loadCurrentTree
6 silly install readLocalPackageData
7 silly install normalizeTree
8 silly loadCurrentTree Finishing
9 silly loadIdealTree Starting
10 silly install loadIdealTree
11 silly cloneCurrentTree Starting
12 silly install cloneCurrentTreeToIdealTree
13 silly cloneCurrentTree Finishing
14 silly loadShrinkwrap Starting
15 silly install loadShrinkwrap
16 silly loadShrinkwrap Finishing
17 silly loadAllDepsIntoIdealTree Starting
18 silly install loadAllDepsIntoIdealTree
19 silly loadAllDepsIntoIdealTree Finishing
20 silly idealTree:prePrune LocalSupport@2.0.0
20 silly idealTree:prePrune └── bower@1.8.2
21 silly loadIdealTree Finishing
22 silly currentTree LocalSupport@2.0.0
22 silly currentTree └── bower@1.8.2
23 silly idealTree LocalSupport@2.0.0
23 silly idealTree └── bower@1.8.2
24 silly generateActionsToTake Starting
25 silly install generateActionsToTake
26 silly generateActionsToTake Finishing
27 silly diffTrees action count 0
28 silly decomposeActions action count 0
29 silly executeActions Starting
30 silly install executeActions
31 silly doSerial global-install 0
32 silly doParallel fetch 0
33 verbose lock using /home/getty/.npm/_locks/staging-61f09190de176730.lock for /home/getty/code/LocalSupport/node_modules/.staging
34 silly doParallel extract 0
35 silly doParallel preinstall 0
36 silly doReverseSerial remove 0
37 silly doSerial move 0
38 silly doSerial finalize 0
39 silly doSerial build 0
40 silly doSerial global-link 0
41 silly doParallel update-linked 0
42 silly doSerial install 0
43 silly doSerial postinstall 0
44 verbose unlock done using /home/getty/.npm/_locks/staging-61f09190de176730.lock for /home/getty/code/LocalSupport/node_modules/.staging
45 silly executeActions Finishing
46 silly rollbackFailedOptional Starting
47 silly rollbackFailedOptional Finishing
48 silly runTopLevelLifecycles Starting
49 silly install runTopLevelLifecycles
50 silly preinstall LocalSupport@2.0.0 /home/getty/code/LocalSupport/LocalSupport-78846d5b
51 info lifecycle LocalSupport@2.0.0~preinstall: LocalSupport@2.0.0
52 silly lifecycle LocalSupport@2.0.0~preinstall: no script for preinstall, continuing
53 silly build LocalSupport@2.0.0
54 info linkStuff LocalSupport@2.0.0
55 silly linkStuff LocalSupport@2.0.0 has /home/getty/code as its parent node_modules
56 verbose linkBins LocalSupport@2.0.0
57 verbose linkMans LocalSupport@2.0.0
58 silly install LocalSupport@2.0.0 /home/getty/code/LocalSupport/LocalSupport-78846d5b
59 info lifecycle LocalSupport@2.0.0~install: LocalSupport@2.0.0
60 silly lifecycle LocalSupport@2.0.0~install: no script for install, continuing
61 silly postinstall LocalSupport@2.0.0 /home/getty/code/LocalSupport/LocalSupport-78846d5b
62 info lifecycle LocalSupport@2.0.0~postinstall: LocalSupport@2.0.0
63 verbose lifecycle LocalSupport@2.0.0~postinstall: unsafe-perm in lifecycle true
64 verbose lifecycle LocalSupport@2.0.0~postinstall: PATH: /usr/share/npm/bin/node-gyp-bin:/home/getty/code/LocalSupport/node_modules/.bin:/usr/local/sbin:/usr/local/bin:/usr/sbin:/usr/bin:/sbin:/bin:/usr/games:/usr/local/games:/snap/bin:/snap/bin:/usr/share/rvm/bin
65 verbose lifecycle LocalSupport@2.0.0~postinstall: CWD: /home/getty/code/LocalSupport
66 silly lifecycle LocalSupport@2.0.0~postinstall: Args: [ '-c', './node_modules/bower/bin/bower install' ]
67 info lifecycle LocalSupport@2.0.0~postinstall: Failed to exec postinstall script
68 verbose stack Error: LocalSupport@2.0.0 postinstall: `./node_modules/bower/bin/bower install`
68 verbose stack spawn ENOENT
68 verbose stack     at ChildProcess.<anonymous> (/usr/share/npm/lib/utils/spawn.js:17:16)
68 verbose stack     at emitTwo (events.js:87:13)
68 verbose stack     at ChildProcess.emit (events.js:172:7)
68 verbose stack     at maybeClose (internal/child_process.js:821:16)
68 verbose stack     at Process.ChildProcess._handle.onexit (internal/child_process.js:211:5)
69 verbose pkgid LocalSupport@2.0.0
70 verbose cwd /home/getty/code/LocalSupport
71 error Linux 4.4.0-21-generic
72 error argv "/usr/bin/nodejs" "/usr/bin/npm" "install"
73 error node v4.2.6
74 error npm  v3.5.2
75 error file sh
76 error code ELIFECYCLE
77 error errno ENOENT
78 error syscall spawn
79 error LocalSupport@2.0.0 postinstall: `./node_modules/bower/bin/bower install`
79 error spawn ENOENT
80 error Failed at the LocalSupport@2.0.0 postinstall script './node_modules/bower/bin/bower install'.
80 error Make sure you have the latest version of node.js and npm installed.
80 error If you do, this is most likely a problem with the LocalSupport package,
80 error not with npm itself.
80 error Tell the author that this fails on your system:
80 error     ./node_modules/bower/bin/bower install
80 error You can get information on how to open an issue for this project with:
80 error     npm bugs LocalSupport
80 error Or if that isn't available, you can get their info via:
80 error     npm owner ls LocalSupport
80 error There is likely additional logging output above.
81 verbose exit [ 1, true ]
