[Cassette: 'The Organisation-HA1 4HZ'] Initialized with options: {:record=>:new_episodes, :match_requests_on=>[:method, :uri], :allow_unused_http_interactions=>true, :serialize_with=>:yaml, :persist_with=>:file_system}
[webmock] Handling request: [get http://maps.googleapis.com/maps/api/geocode/json?address=83%20pinner%20road,%20HA1%204HZ&language=en&sensor=false] (disabled: false)
  [Cassette: 'The Organisation-HA1 4HZ'] Initialized HTTPInteractionList with request matchers [:method, :uri] and 1 interaction(s): { [get http://maps.googleapis.com/maps/api/geocode/json?address=83%20pinner%20road,%20HA1%204HZ&language=en&sensor=false] => [200 "{\n   \"results\" : [\n      {\n         \"address_components\" : [\n            {\n     "] }
  [Cassette: 'The Organisation-HA1 4HZ'] Checking if [get http://maps.googleapis.com/maps/api/geocode/json?address=83%20pinner%20road,%20HA1%204HZ&language=en&sensor=false] matches [get http://maps.googleapis.com/maps/api/geocode/json?address=83%20pinner%20road,%20HA1%204HZ&language=en&sensor=false] using [:method, :uri]
    [Cassette: 'The Organisation-HA1 4HZ'] method (matched): current request [get http://maps.googleapis.com/maps/api/geocode/json?address=83%20pinner%20road,%20HA1%204HZ&language=en&sensor=false] vs [get http://maps.googleapis.com/maps/api/geocode/json?address=83%20pinner%20road,%20HA1%204HZ&language=en&sensor=false]
    [Cassette: 'The Organisation-HA1 4HZ'] uri (matched): current request [get http://maps.googleapis.com/maps/api/geocode/json?address=83%20pinner%20road,%20HA1%204HZ&language=en&sensor=false] vs [get http://maps.googleapis.com/maps/api/geocode/json?address=83%20pinner%20road,%20HA1%204HZ&language=en&sensor=false]
  [Cassette: 'The Organisation-HA1 4HZ'] Found matching interaction for [get http://maps.googleapis.com/maps/api/geocode/json?address=83%20pinner%20road,%20HA1%204HZ&language=en&sensor=false] at index 0: [200 "{\n   \"results\" : [\n      {\n         \"address_components\" : [\n            {\n     "]
[webmock] Identified request type (stubbed_by_vcr) for [get http://maps.googleapis.com/maps/api/geocode/json?address=83%20pinner%20road,%20HA1%204HZ&language=en&sensor=false]
[Cassette: 'The Same Email Org-HA1 4HZ'] Initialized with options: {:record=>:new_episodes, :match_requests_on=>[:method, :uri], :allow_unused_http_interactions=>true, :serialize_with=>:yaml, :persist_with=>:file_system}
[webmock] Handling request: [get http://maps.googleapis.com/maps/api/geocode/json?address=84%20pinner%20road,%20HA1%204HZ&language=en&sensor=false] (disabled: false)
  [Cassette: 'The Same Email Org-HA1 4HZ'] Initialized HTTPInteractionList with request matchers [:method, :uri] and 1 interaction(s): { [get http://maps.googleapis.com/maps/api/geocode/json?address=84%20pinner%20road,%20HA1%204HZ&language=en&sensor=false] => [200 "{\n   \"results\" : [\n      {\n         \"address_components\" : [\n            {\n     "] }
  [Cassette: 'The Same Email Org-HA1 4HZ'] Checking if [get http://maps.googleapis.com/maps/api/geocode/json?address=84%20pinner%20road,%20HA1%204HZ&language=en&sensor=false] matches [get http://maps.googleapis.com/maps/api/geocode/json?address=84%20pinner%20road,%20HA1%204HZ&language=en&sensor=false] using [:method, :uri]
    [Cassette: 'The Same Email Org-HA1 4HZ'] method (matched): current request [get http://maps.googleapis.com/maps/api/geocode/json?address=84%20pinner%20road,%20HA1%204HZ&language=en&sensor=false] vs [get http://maps.googleapis.com/maps/api/geocode/json?address=84%20pinner%20road,%20HA1%204HZ&language=en&sensor=false]
    [Cassette: 'The Same Email Org-HA1 4HZ'] uri (matched): current request [get http://maps.googleapis.com/maps/api/geocode/json?address=84%20pinner%20road,%20HA1%204HZ&language=en&sensor=false] vs [get http://maps.googleapis.com/maps/api/geocode/json?address=84%20pinner%20road,%20HA1%204HZ&language=en&sensor=false]
  [Cassette: 'The Same Email Org-HA1 4HZ'] Found matching interaction for [get http://maps.googleapis.com/maps/api/geocode/json?address=84%20pinner%20road,%20HA1%204HZ&language=en&sensor=false] at index 0: [200 "{\n   \"results\" : [\n      {\n         \"address_components\" : [\n            {\n     "]
[webmock] Identified request type (stubbed_by_vcr) for [get http://maps.googleapis.com/maps/api/geocode/json?address=84%20pinner%20road,%20HA1%204HZ&language=en&sensor=false]
[Cassette: 'Crazy Email Org-HA1 4HZ'] Initialized with options: {:record=>:new_episodes, :match_requests_on=>[:method, :uri], :allow_unused_http_interactions=>true, :serialize_with=>:yaml, :persist_with=>:file_system}
[webmock] Handling request: [get http://maps.googleapis.com/maps/api/geocode/json?address=30%20pinner%20road,%20HA1%204HZ&language=en&sensor=false] (disabled: false)
  [Cassette: 'Crazy Email Org-HA1 4HZ'] Initialized HTTPInteractionList with request matchers [:method, :uri] and 1 interaction(s): { [get http://maps.googleapis.com/maps/api/geocode/json?address=30%20pinner%20road,%20HA1%204HZ&language=en&sensor=false] => [200 "{\n   \"results\" : [\n      {\n         \"address_components\" : [\n            {\n     "] }
  [Cassette: 'Crazy Email Org-HA1 4HZ'] Checking if [get http://maps.googleapis.com/maps/api/geocode/json?address=30%20pinner%20road,%20HA1%204HZ&language=en&sensor=false] matches [get http://maps.googleapis.com/maps/api/geocode/json?address=30%20pinner%20road,%20HA1%204HZ&language=en&sensor=false] using [:method, :uri]
    [Cassette: 'Crazy Email Org-HA1 4HZ'] method (matched): current request [get http://maps.googleapis.com/maps/api/geocode/json?address=30%20pinner%20road,%20HA1%204HZ&language=en&sensor=false] vs [get http://maps.googleapis.com/maps/api/geocode/json?address=30%20pinner%20road,%20HA1%204HZ&language=en&sensor=false]
    [Cassette: 'Crazy Email Org-HA1 4HZ'] uri (matched): current request [get http://maps.googleapis.com/maps/api/geocode/json?address=30%20pinner%20road,%20HA1%204HZ&language=en&sensor=false] vs [get http://maps.googleapis.com/maps/api/geocode/json?address=30%20pinner%20road,%20HA1%204HZ&language=en&sensor=false]
  [Cassette: 'Crazy Email Org-HA1 4HZ'] Found matching interaction for [get http://maps.googleapis.com/maps/api/geocode/json?address=30%20pinner%20road,%20HA1%204HZ&language=en&sensor=false] at index 0: [200 "{\n   \"results\" : [\n      {\n         \"address_components\" : [\n            {\n     "]
[webmock] Identified request type (stubbed_by_vcr) for [get http://maps.googleapis.com/maps/api/geocode/json?address=30%20pinner%20road,%20HA1%204HZ&language=en&sensor=false]
[Cassette: 'My Organisation-HA1 4HZ'] Initialized with options: {:record=>:new_episodes, :match_requests_on=>[:method, :uri], :allow_unused_http_interactions=>true, :serialize_with=>:yaml, :persist_with=>:file_system}
[webmock] Handling request: [get http://maps.googleapis.com/maps/api/geocode/json?address=30%20pinner%20road,%20HA1%204HZ&language=en&sensor=false] (disabled: false)
  [Cassette: 'My Organisation-HA1 4HZ'] Initialized HTTPInteractionList with request matchers [:method, :uri] and 2 interaction(s): { [get http://maps.googleapis.com/maps/api/geocode/json?address=30%20pinner%20road,%20HA1%204HZ&language=en&sensor=false] => [200 "{\n   \"results\" : [\n      {\n         \"address_components\" : [\n            {\n     "], [get http://maps.googleapis.com/maps/api/geocode/json?address=83%20pinner%20road,%20HA1%204HZ&language=en&sensor=false] => [200 "{\n   \"results\" : [\n      {\n         \"address_components\" : [\n            {\n     "] }
  [Cassette: 'My Organisation-HA1 4HZ'] Checking if [get http://maps.googleapis.com/maps/api/geocode/json?address=30%20pinner%20road,%20HA1%204HZ&language=en&sensor=false] matches [get http://maps.googleapis.com/maps/api/geocode/json?address=30%20pinner%20road,%20HA1%204HZ&language=en&sensor=false] using [:method, :uri]
    [Cassette: 'My Organisation-HA1 4HZ'] method (matched): current request [get http://maps.googleapis.com/maps/api/geocode/json?address=30%20pinner%20road,%20HA1%204HZ&language=en&sensor=false] vs [get http://maps.googleapis.com/maps/api/geocode/json?address=30%20pinner%20road,%20HA1%204HZ&language=en&sensor=false]
    [Cassette: 'My Organisation-HA1 4HZ'] uri (matched): current request [get http://maps.googleapis.com/maps/api/geocode/json?address=30%20pinner%20road,%20HA1%204HZ&language=en&sensor=false] vs [get http://maps.googleapis.com/maps/api/geocode/json?address=30%20pinner%20road,%20HA1%204HZ&language=en&sensor=false]
  [Cassette: 'My Organisation-HA1 4HZ'] Found matching interaction for [get http://maps.googleapis.com/maps/api/geocode/json?address=30%20pinner%20road,%20HA1%204HZ&language=en&sensor=false] at index 0: [200 "{\n   \"results\" : [\n      {\n         \"address_components\" : [\n            {\n     "]
[webmock] Identified request type (stubbed_by_vcr) for [get http://maps.googleapis.com/maps/api/geocode/json?address=30%20pinner%20road,%20HA1%204HZ&language=en&sensor=false]
[Cassette: 'Yet Another Org-HA1 4HZ'] Initialized with options: {:record=>:new_episodes, :match_requests_on=>[:method, :uri], :allow_unused_http_interactions=>true, :serialize_with=>:yaml, :persist_with=>:file_system}
[webmock] Handling request: [get http://maps.googleapis.com/maps/api/geocode/json?address=30%20pinner%20road,%20HA1%204HZ&language=en&sensor=false] (disabled: false)
  [Cassette: 'Yet Another Org-HA1 4HZ'] Initialized HTTPInteractionList with request matchers [:method, :uri] and 1 interaction(s): { [get http://maps.googleapis.com/maps/api/geocode/json?address=30%20pinner%20road,%20HA1%204HZ&language=en&sensor=false] => [200 "{\n   \"results\" : [\n      {\n         \"address_components\" : [\n            {\n     "] }
  [Cassette: 'Yet Another Org-HA1 4HZ'] Checking if [get http://maps.googleapis.com/maps/api/geocode/json?address=30%20pinner%20road,%20HA1%204HZ&language=en&sensor=false] matches [get http://maps.googleapis.com/maps/api/geocode/json?address=30%20pinner%20road,%20HA1%204HZ&language=en&sensor=false] using [:method, :uri]
    [Cassette: 'Yet Another Org-HA1 4HZ'] method (matched): current request [get http://maps.googleapis.com/maps/api/geocode/json?address=30%20pinner%20road,%20HA1%204HZ&language=en&sensor=false] vs [get http://maps.googleapis.com/maps/api/geocode/json?address=30%20pinner%20road,%20HA1%204HZ&language=en&sensor=false]
    [Cassette: 'Yet Another Org-HA1 4HZ'] uri (matched): current request [get http://maps.googleapis.com/maps/api/geocode/json?address=30%20pinner%20road,%20HA1%204HZ&language=en&sensor=false] vs [get http://maps.googleapis.com/maps/api/geocode/json?address=30%20pinner%20road,%20HA1%204HZ&language=en&sensor=false]
  [Cassette: 'Yet Another Org-HA1 4HZ'] Found matching interaction for [get http://maps.googleapis.com/maps/api/geocode/json?address=30%20pinner%20road,%20HA1%204HZ&language=en&sensor=false] at index 0: [200 "{\n   \"results\" : [\n      {\n         \"address_components\" : [\n            {\n     "]
[webmock] Identified request type (stubbed_by_vcr) for [get http://maps.googleapis.com/maps/api/geocode/json?address=30%20pinner%20road,%20HA1%204HZ&language=en&sensor=false]
[webmock] Handling request: [get http://127.0.0.1:40945/__identify__] (disabled: false)
[webmock] Identified request type (ignored) for [get http://127.0.0.1:40945/__identify__]
[webmock] Handling request: [get http://127.0.0.1:40945/__identify__] (disabled: false)
[webmock] Identified request type (ignored) for [get http://127.0.0.1:40945/__identify__]
[webmock] Handling request: [get http://127.0.0.1:40945/__identify__] (disabled: false)
[webmock] Identified request type (ignored) for [get http://127.0.0.1:40945/__identify__]
[webmock] Handling request: [get http://127.0.0.1:40945/__identify__] (disabled: false)
[webmock] Identified request type (ignored) for [get http://127.0.0.1:40945/__identify__]
